c:\users\rich\desktop\msc graphics week 2\week 1 source original\soil\sln\debug\vc120.pdb
c:\users\rich\desktop\msc graphics week 2\week 1 source original\soil\sln\debug\vc120.idb
c:\users\rich\desktop\msc graphics week 2\week 1 source original\soil\sln\debug\image_dxt.obj
c:\users\rich\desktop\msc graphics week 2\week 1 source original\soil\sln\debug\image_helper.obj
c:\users\rich\desktop\msc graphics week 2\week 1 source original\soil\sln\debug\soil.obj
c:\users\rich\desktop\msc graphics week 2\week 1 source original\soil\sln\debug\stb_image_aug.obj
c:\users\mark\desktop\masters framework\soil\sln\debug\soil.pdb
c:\users\mark\desktop\masters framework\soil\sln\debug\soil.idb
c:\users\mark\desktop\masters framework\soil\sln\debug\image_dxt.obj
c:\users\mark\desktop\masters framework\soil\sln\debug\image_helper.obj
c:\users\mark\desktop\masters framework\soil\sln\debug\soil.obj
c:\users\mark\desktop\masters framework\soil\sln\debug\stb_image_aug.obj
c:\users\rich\desktop\msc graphics week 2\week 1 source original\soil\sln\debug\soil.lib
c:\users\mark\desktop\masters framework\soil\sln\debug\soil.lib
c:\users\mark\desktop\masters framework\soil\sln\debug\vc120.idb
c:\users\mark\desktop\masters framework\soil\sln\debug\vc120.pdb
c:\users\mark\desktop\masters framework\soil\sln\debug\soil.tlog\cl.command.1.tlog
c:\users\mark\desktop\masters framework\soil\sln\debug\soil.tlog\cl.read.1.tlog
c:\users\mark\desktop\masters framework\soil\sln\debug\soil.tlog\cl.write.1.tlog
c:\users\mark\desktop\masters framework\soil\sln\debug\soil.tlog\lib-link.read.1.tlog
c:\users\mark\desktop\masters framework\soil\sln\debug\soil.tlog\lib-link.write.1.tlog
c:\users\mark\desktop\masters framework\soil\sln\debug\soil.tlog\lib.command.1.tlog
