c:\users\mark\desktop\uni\year 4\csc8502 advanced graphics for games\advanced-graphics-for-games\nclgl\release\nclgl.pdb
c:\users\mark\desktop\uni\year 4\csc8502 advanced graphics for games\advanced-graphics-for-games\nclgl\release\shader.obj
c:\users\mark\desktop\uni\year 4\csc8502 advanced graphics for games\advanced-graphics-for-games\nclgl\release\scenenode.obj
c:\users\mark\desktop\uni\year 4\csc8502 advanced graphics for games\advanced-graphics-for-games\nclgl\release\quaternion.obj
c:\users\mark\desktop\uni\year 4\csc8502 advanced graphics for games\advanced-graphics-for-games\nclgl\release\plane.obj
c:\users\mark\desktop\uni\year 4\csc8502 advanced graphics for games\advanced-graphics-for-games\nclgl\release\particleemitter.obj
c:\users\mark\desktop\uni\year 4\csc8502 advanced graphics for games\advanced-graphics-for-games\nclgl\release\oglrenderer.obj
c:\users\mark\desktop\uni\year 4\csc8502 advanced graphics for games\advanced-graphics-for-games\nclgl\release\objmesh.obj
c:\users\mark\desktop\uni\year 4\csc8502 advanced graphics for games\advanced-graphics-for-games\nclgl\release\mouse.obj
c:\users\mark\desktop\uni\year 4\csc8502 advanced graphics for games\advanced-graphics-for-games\nclgl\release\mesh.obj
c:\users\mark\desktop\uni\year 4\csc8502 advanced graphics for games\advanced-graphics-for-games\nclgl\release\md5node.obj
c:\users\mark\desktop\uni\year 4\csc8502 advanced graphics for games\advanced-graphics-for-games\nclgl\release\md5mesh.obj
c:\users\mark\desktop\uni\year 4\csc8502 advanced graphics for games\advanced-graphics-for-games\nclgl\release\md5filedata.obj
c:\users\mark\desktop\uni\year 4\csc8502 advanced graphics for games\advanced-graphics-for-games\nclgl\release\md5anim.obj
c:\users\mark\desktop\uni\year 4\csc8502 advanced graphics for games\advanced-graphics-for-games\nclgl\release\matrix4.obj
c:\users\mark\desktop\uni\year 4\csc8502 advanced graphics for games\advanced-graphics-for-games\nclgl\release\keyboard.obj
c:\users\mark\desktop\uni\year 4\csc8502 advanced graphics for games\advanced-graphics-for-games\nclgl\release\heightmap.obj
c:\users\mark\desktop\uni\year 4\csc8502 advanced graphics for games\advanced-graphics-for-games\nclgl\release\gametimer.obj
c:\users\mark\desktop\uni\year 4\csc8502 advanced graphics for games\advanced-graphics-for-games\nclgl\release\frustum.obj
c:\users\mark\desktop\uni\year 4\csc8502 advanced graphics for games\advanced-graphics-for-games\nclgl\release\cuberobot.obj
c:\users\mark\desktop\uni\year 4\csc8502 advanced graphics for games\advanced-graphics-for-games\nclgl\release\camera.obj
c:\users\mark\desktop\uni\year 4\csc8502 advanced graphics for games\advanced-graphics-for-games\nclgl\release\window.obj
c:\users\mark\desktop\uni\year 4\csc8502 advanced graphics for games\advanced-graphics-for-games\nclgl\release\textureatlas.obj
c:\users\mark\desktop\uni\year 4\csc8502 advanced graphics for games\advanced-graphics-for-games\nclgl\release\textmesh.obj
c:\users\mark\desktop\uni\year 4\csc8502 advanced graphics for games\advanced-graphics-for-games\game engine\release\nclgl.lib
c:\users\mark\desktop\uni\year 4\csc8502 advanced graphics for games\advanced-graphics-for-games\nclgl\release\nclgl.tlog\cl.command.1.tlog
c:\users\mark\desktop\uni\year 4\csc8502 advanced graphics for games\advanced-graphics-for-games\nclgl\release\nclgl.tlog\cl.read.1.tlog
c:\users\mark\desktop\uni\year 4\csc8502 advanced graphics for games\advanced-graphics-for-games\nclgl\release\nclgl.tlog\cl.write.1.tlog
c:\users\mark\desktop\uni\year 4\csc8502 advanced graphics for games\advanced-graphics-for-games\nclgl\release\nclgl.tlog\lib-link.read.1.tlog
c:\users\mark\desktop\uni\year 4\csc8502 advanced graphics for games\advanced-graphics-for-games\nclgl\release\nclgl.tlog\lib-link.write.1.tlog
c:\users\mark\desktop\uni\year 4\csc8502 advanced graphics for games\advanced-graphics-for-games\nclgl\release\nclgl.tlog\lib.command.1.tlog
