MSVCRT.lib(initializers.obj) : warning LNK4098: defaultlib 'libcmt.lib' conflicts with use of other libs; use /NODEFAULTLIB:library
  Generating code
  2 of 1666 functions ( 0.1%) were compiled, the rest were copied from previous compilation.
    0 functions were new in current compilation
    5 functions had inline decision re-evaluated but remain unchanged
  Finished generating code
Graphics.lib(Renderer.obj) : warning LNK4049: locally defined symbol ___glewUniformMatrix4fv imported
Graphics.lib(Renderer.obj) : warning LNK4049: locally defined symbol ___glewActiveTexture imported
Graphics.lib(Renderer.obj) : warning LNK4049: locally defined symbol ___glewUniform4fv imported
Graphics.lib(Renderer.obj) : warning LNK4049: locally defined symbol ___glewUniform3fv imported
Graphics.lib(Renderer.obj) : warning LNK4049: locally defined symbol ___glewDeleteFramebuffers imported
Graphics.lib(Renderer.obj) : warning LNK4049: locally defined symbol ___glewUniform2f imported
Graphics.lib(Renderer.obj) : warning LNK4049: locally defined symbol ___glewUniform1i imported
Graphics.lib(Renderer.obj) : warning LNK4049: locally defined symbol ___glewGetUniformLocation imported
Graphics.lib(Renderer.obj) : warning LNK4049: locally defined symbol ___glewUniform1f imported
Graphics.lib(Renderer.obj) : warning LNK4049: locally defined symbol ___glewCheckFramebufferStatus imported
Graphics.lib(Renderer.obj) : warning LNK4049: locally defined symbol ___glewFramebufferTexture2D imported
Graphics.lib(Renderer.obj) : warning LNK4049: locally defined symbol ___glewFramebufferTexture imported
Graphics.lib(Renderer.obj) : warning LNK4049: locally defined symbol ___glewGenFramebuffers imported
Graphics.lib(Renderer.obj) : warning LNK4049: locally defined symbol ___glewUseProgram imported
Graphics.lib(Renderer.obj) : warning LNK4049: locally defined symbol ___glewBindFramebuffer imported
glew32.lib(glew.obj) : warning LNK4099: PDB 'vc120.pdb' was not found with 'glew32.lib(glew.obj)' or at 'C:\Users\b5036861\GitHub\Advanced-Graphics-for-Games\Game Engine\Release\vc120.pdb'; linking object as if no debug info
  Game Engine.vcxproj -> C:\Users\b5036861\GitHub\Advanced-Graphics-for-Games\Game Engine\Release\Game Engine.exe
